{"C:\\Users\\ashwi\\OneDrive\\Documents\\NBAD\\week10\\unit-testing-jest\\clonearray.js": {"path":"C:\\Users\\ashwi\\OneDrive\\Documents\\NBAD\\week10\\unit-testing-jest\\clonearray.js","statementMap":{"0":{"start":{"line":2,"column":4},"end":{"line":2,"column":21}},"1":{"start":{"line":5,"column":0},"end":{"line":5,"column":25}}},"fnMap":{"0":{"name":"clonearray","decl":{"start":{"line":1,"column":9},"end":{"line":1,"column":19}},"loc":{"start":{"line":1,"column":26},"end":{"line":3,"column":1}},"line":1}},"branchMap":{},"s":{"0":2,"1":1},"f":{"0":2},"b":{},"_coverageSchema":"1a1c01bbd47fc00a2c39e90264f33305004495a9","hash":"239ee2ddd89f7724a51f1d0ed42b9e0ff9ad45b3"}
,"C:\\Users\\ashwi\\OneDrive\\Documents\\NBAD\\week10\\unit-testing-jest\\subtract.js": {"path":"C:\\Users\\ashwi\\OneDrive\\Documents\\NBAD\\week10\\unit-testing-jest\\subtract.js","statementMap":{"0":{"start":{"line":2,"column":4},"end":{"line":2,"column":14}},"1":{"start":{"line":5,"column":0},"end":{"line":5,"column":23}}},"fnMap":{"0":{"name":"subtract","decl":{"start":{"line":1,"column":9},"end":{"line":1,"column":17}},"loc":{"start":{"line":1,"column":22},"end":{"line":3,"column":1}},"line":1}},"branchMap":{},"s":{"0":1,"1":1},"f":{"0":1},"b":{},"_coverageSchema":"1a1c01bbd47fc00a2c39e90264f33305004495a9","hash":"1fb193ca718da3374f4182404db434e807c60de7"}
,"C:\\Users\\ashwi\\OneDrive\\Documents\\NBAD\\week10\\unit-testing-jest\\sum.js": {"path":"C:\\Users\\ashwi\\OneDrive\\Documents\\NBAD\\week10\\unit-testing-jest\\sum.js","statementMap":{"0":{"start":{"line":2,"column":4},"end":{"line":2,"column":14}},"1":{"start":{"line":5,"column":0},"end":{"line":5,"column":18}}},"fnMap":{"0":{"name":"sum","decl":{"start":{"line":1,"column":9},"end":{"line":1,"column":12}},"loc":{"start":{"line":1,"column":17},"end":{"line":3,"column":1}},"line":1}},"branchMap":{},"s":{"0":1,"1":1},"f":{"0":1},"b":{},"_coverageSchema":"1a1c01bbd47fc00a2c39e90264f33305004495a9","hash":"0ca0eab1ec4dc44930d10032073e91e0ad8e856e"}
}
